<?xml version="1.0" encoding="UTF-8"?>
<!-- Generated by org.testng.reporters.JUnitXMLReporter -->
<testsuite ignored="0" hostname="LAPTOP-KM3TDHKQ" failures="0" tests="4" name="Test" time="0.056" errors="0" timestamp="2022-06-01T17:14:42 IST">
  <testcase classname="Test.zerodhaloginpageTest" name="test1" time="0.005"/>
  <testcase classname="Test.zerodhaloginpageTest" name="test2" time="0.001"/>
  <testcase classname="Test.ZerodhaHomeTest" name="GoToHomePageTest" time="0.001"/>
  <testcase classname="Test.ZerodhaHomeTest" name="testd" time="0.001"/>
</testsuite> <!-- Test -->
