<?xml version="1.0" encoding="UTF-8"?>
<!-- Generated by org.testng.reporters.JUnitXMLReporter -->
<testsuite ignored="1" hostname="LAPTOP-KM3TDHKQ" failures="1" tests="7" name="positive Test" time="1.15" errors="0" timestamp="2022-06-02T21:00:09 IST">
  <testcase classname="Test.zerodhaloginpageTest" name="test1" time="0.009"/>
  <testcase classname="Test.zerodhaloginpageTest" name="test2" time="1.014">
    <failure type="org.testng.internal.thread.ThreadTimeoutException" message="Method Test.zerodhaloginpageTest.test2() didn&amp;apos;t finish within the time-out 1000">
      <![CDATA[org.testng.internal.thread.ThreadTimeoutException: Method Test.zerodhaloginpageTest.test2() didn't finish within the time-out 1000
at java.base@17.0.2/java.lang.Thread.sleep(Native Method)
at app//Test.zerodhaloginpageTest.test2(zerodhaloginpageTest.java:21)
at java.base@17.0.2/java.util.concurrent.FutureTask.run(FutureTask.java:264)
at java.base@17.0.2/java.util.concurrent.ThreadPoolExecutor.runWorker(ThreadPoolExecutor.java:1136)
at java.base@17.0.2/java.util.concurrent.ThreadPoolExecutor$Worker.run(ThreadPoolExecutor.java:635)
at java.base@17.0.2/java.lang.Thread.run(Thread.java:833)
... Removed 8 stack frames]]>
    </failure>
  </testcase> <!-- test2 -->
  <testcase classname="Test.ZerodhaHomeTest" name="GoToHomePageTest" time="0.004"/>
  <testcase classname="Test.ZerodhaHomeTest" name="add" time="0.002"/>
  <testcase classname="Test.ZerodhaHomeTest" name="testd" time="0.002"/>
  <testcase classname="Test.ZerodhaHomeTest" name="testd" time="0.001"/>
  <testcase classname="Test.ZerodhaHomeTest" name="teste" time="0.002"/>
  <testcase classname="Test.zerodhaloginpageTest" name="test3" time="0.0">
    <ignored/>
  </testcase> <!-- test3 -->
</testsuite> <!-- positive Test -->
